<?xml version="1.0" encoding="UTF-8"?>
<testsuite errors="0" failures="1" hostname="hbrackmann-PC" name="de.scoopgmbh.copper.monitor.server.SpringRemoteServerMainTest" tests="1" time="6.382" timestamp="2013-04-22T11:24:24">
  <properties />
  <testcase classname="de.scoopgmbh.copper.monitor.server.SpringRemoteServerMainTest" name="test_connect" time="6.288">
    <failure message="java.lang.NullPointerException" type="java.lang.NullPointerException">java.lang.NullPointerException
	at de.scoopgmbh.copper.monitor.server.RMIForwardCopperDataProvider.getAuditTrailMessage(RMIForwardCopperDataProvider.java:58)
	at de.scoopgmbh.copper.monitor.server.SpringRemoteServerMainTest.test_connect(SpringRemoteServerMainTest.java:47)
	at sun.reflect.NativeMethodAccessorImpl.invoke0(Native Method)
	at sun.reflect.NativeMethodAccessorImpl.invoke(NativeMethodAccessorImpl.java:57)
	at sun.reflect.DelegatingMethodAccessorImpl.invoke(DelegatingMethodAccessorImpl.java:43)
	at java.lang.reflect.Method.invoke(Method.java:601)
	at org.junit.runners.model.FrameworkMethod$1.runReflectiveCall(FrameworkMethod.java:47)
	at org.junit.internal.runners.model.ReflectiveCallable.run(ReflectiveCallable.java:12)
	at org.junit.runners.model.FrameworkMethod.invokeExplosively(FrameworkMethod.java:44)
	at org.junit.internal.runners.statements.InvokeMethod.evaluate(InvokeMethod.java:17)
	at org.junit.runners.ParentRunner.runLeaf(ParentRunner.java:271)
	at org.junit.runners.BlockJUnit4ClassRunner.runChild(BlockJUnit4ClassRunner.java:70)
	at org.junit.runners.BlockJUnit4ClassRunner.runChild(BlockJUnit4ClassRunner.java:50)
	at org.junit.runners.ParentRunner$3.run(ParentRunner.java:238)
	at org.junit.runners.ParentRunner$1.schedule(ParentRunner.java:63)
	at org.junit.runners.ParentRunner.runChildren(ParentRunner.java:236)
	at org.junit.runners.ParentRunner.access$000(ParentRunner.java:53)
	at org.junit.runners.ParentRunner$2.evaluate(ParentRunner.java:229)
	at org.junit.runners.ParentRunner.run(ParentRunner.java:309)
	at org.gradle.api.internal.tasks.testing.junit.JUnitTestClassExecuter.runTestClass(JUnitTestClassExecuter.java:55)
	at org.gradle.api.internal.tasks.testing.junit.JUnitTestClassExecuter.execute(JUnitTestClassExecuter.java:42)
	at org.gradle.api.internal.tasks.testing.junit.JUnitTestClassProcessor.processTestClass(JUnitTestClassProcessor.java:75)
	at org.gradle.api.internal.tasks.testing.SuiteTestClassProcessor.processTestClass(SuiteTestClassProcessor.java:49)
	at sun.reflect.NativeMethodAccessorImpl.invoke0(Native Method)
	at sun.reflect.NativeMethodAccessorImpl.invoke(NativeMethodAccessorImpl.java:57)
	at sun.reflect.DelegatingMethodAccessorImpl.invoke(DelegatingMethodAccessorImpl.java:43)
	at java.lang.reflect.Method.invoke(Method.java:601)
	at org.gradle.messaging.dispatch.ReflectionDispatch.dispatch(ReflectionDispatch.java:35)
	at org.gradle.messaging.dispatch.ReflectionDispatch.dispatch(ReflectionDispatch.java:24)
	at org.gradle.messaging.dispatch.ContextClassLoaderDispatch.dispatch(ContextClassLoaderDispatch.java:32)
	at org.gradle.messaging.dispatch.ProxyDispatchAdapter$DispatchingInvocationHandler.invoke(ProxyDispatchAdapter.java:93)
	at $Proxy2.processTestClass(Unknown Source)
	at org.gradle.api.internal.tasks.testing.worker.TestWorker.processTestClass(TestWorker.java:103)
	at sun.reflect.NativeMethodAccessorImpl.invoke0(Native Method)
	at sun.reflect.NativeMethodAccessorImpl.invoke(NativeMethodAccessorImpl.java:57)
	at sun.reflect.DelegatingMethodAccessorImpl.invoke(DelegatingMethodAccessorImpl.java:43)
	at java.lang.reflect.Method.invoke(Method.java:601)
	at org.gradle.messaging.dispatch.ReflectionDispatch.dispatch(ReflectionDispatch.java:35)
	at org.gradle.messaging.dispatch.ReflectionDispatch.dispatch(ReflectionDispatch.java:24)
	at org.gradle.messaging.remote.internal.TypeCastDispatch.dispatch(TypeCastDispatch.java:30)
	at org.gradle.messaging.remote.internal.WorkerProtocol.handleIncoming(WorkerProtocol.java:53)
	at org.gradle.messaging.remote.internal.WorkerProtocol.handleIncoming(WorkerProtocol.java:31)
	at org.gradle.messaging.remote.internal.ProtocolStack$ProtocolStage.handleIncoming(ProtocolStack.java:167)
	at org.gradle.messaging.remote.internal.ProtocolStack$BottomStage.handleIncoming(ProtocolStack.java:277)
	at org.gradle.messaging.remote.internal.ProtocolStack$BottomConnection$1.run(ProtocolStack.java:299)
	at org.gradle.messaging.remote.internal.ProtocolStack$ExecuteRunnable.dispatch(ProtocolStack.java:120)
	at org.gradle.messaging.remote.internal.ProtocolStack$ExecuteRunnable.dispatch(ProtocolStack.java:116)
	at org.gradle.messaging.dispatch.AsyncDispatch.dispatchMessages(AsyncDispatch.java:132)
	at org.gradle.messaging.dispatch.AsyncDispatch.access$000(AsyncDispatch.java:33)
	at org.gradle.messaging.dispatch.AsyncDispatch$1.run(AsyncDispatch.java:72)
	at org.gradle.internal.concurrent.DefaultExecutorFactory$StoppableExecutorImpl$1.run(DefaultExecutorFactory.java:66)
	at java.util.concurrent.ThreadPoolExecutor.runWorker(ThreadPoolExecutor.java:1110)
	at java.util.concurrent.ThreadPoolExecutor$Worker.run(ThreadPoolExecutor.java:603)
	at java.lang.Thread.run(Thread.java:722)
</failure>
  </testcase>
  <system-out><![CDATA[2013.04.22 13:24:24,826 INFO  [Thread-12] de.scoopgmbh.copper.monitor.server.SpringRemoteServerMain [] - Starting Copper-Monitor-Server (jetty)
2013.04.22 13:24:25,013 INFO  [Thread-12] org.eclipse.jetty.server.Server [] - jetty-9.0.0.v20130308
2013.04.22 13:24:25,154 INFO  [Thread-12] / [] - Initializing Spring FrameworkServlet 'org.springframework.web.servlet.DispatcherServlet-9486830'
2013.04.22 13:24:25,154 INFO  [Thread-12] org.springframework.web.servlet.DispatcherServlet [] - FrameworkServlet 'org.springframework.web.servlet.DispatcherServlet-9486830': initialization started
2013.04.22 13:24:25,201 INFO  [Thread-12] org.springframework.web.context.support.XmlWebApplicationContext [] - Refreshing WebApplicationContext for namespace 'org.springframework.web.servlet.DispatcherServlet-9486830-servlet': startup date [Mon Apr 22 13:24:25 CEST 2013]; root of context hierarchy
2013.04.22 13:24:25,263 INFO  [Thread-12] org.springframework.beans.factory.xml.XmlBeanDefinitionReader [] - Loading XML bean definitions from class path resource [de/scoopgmbh/copper/monitor/server/DefaultServlet-servlet.xml]
2013.04.22 13:24:25,435 INFO  [Thread-12] org.springframework.beans.factory.support.DefaultListableBeanFactory [] - Pre-instantiating singletons in org.springframework.beans.factory.support.DefaultListableBeanFactory@14fc78a: defining beans [defaultHandlerMapping,serverLogin,/serverLogin]; root of factory hierarchy
2013.04.22 13:24:25,528 INFO  [Thread-12] org.springframework.web.servlet.handler.BeanNameUrlHandlerMapping [] - Mapped URL path [/serverLogin] onto handler '/serverLogin'
2013.04.22 13:24:25,731 INFO  [Thread-12] org.springframework.web.servlet.DispatcherServlet [] - FrameworkServlet 'org.springframework.web.servlet.DispatcherServlet-9486830': initialization completed in 577 ms
2013.04.22 13:24:25,731 INFO  [Thread-12] org.eclipse.jetty.server.handler.ContextHandler [] - started o.e.j.s.ServletContextHandler@148108c{/,null,AVAILABLE}
2013.04.22 13:24:25,747 INFO  [Thread-12] org.eclipse.jetty.server.ServerConnector [] - Started ServerConnector@1410709{HTTP/1.1}{localhost:8080}
]]></system-out>
  <system-err><![CDATA[]]></system-err>
</testsuite>
